{"/home/jeanpierre/dev/GitHub/Jurisoft/src/services/document/delete.service.js": {"path":"/home/jeanpierre/dev/GitHub/Jurisoft/src/services/document/delete.service.js","statementMap":{"0":{"start":{"line":1,"column":17},"end":{"line":1,"column":55}},"1":{"start":{"line":2,"column":34},"end":{"line":2,"column":87}},"2":{"start":{"line":6,"column":21},"end":{"line":6,"column":109}},"3":{"start":{"line":8,"column":4},"end":{"line":10,"column":5}},"4":{"start":{"line":9,"column":6},"end":{"line":9,"column":44}},"5":{"start":{"line":14,"column":0},"end":{"line":14,"column":31}}},"fnMap":{"0":{"name":"(anonymous_0)","decl":{"start":{"line":5,"column":2},"end":{"line":5,"column":3}},"loc":{"start":{"line":5,"column":28},"end":{"line":11,"column":3}},"line":5}},"branchMap":{"0":{"loc":{"start":{"line":8,"column":4},"end":{"line":10,"column":5}},"type":"if","locations":[{"start":{"line":8,"column":4},"end":{"line":10,"column":5}},{"start":{},"end":{}}],"line":8}},"s":{"0":1,"1":1,"2":2,"3":2,"4":1,"5":1},"f":{"0":2},"b":{"0":[1,1]},"_coverageSchema":"1a1c01bbd47fc00a2c39e90264f33305004495a9","hash":"84d68ba91ffbad7ce725bfff4d9f16970ffcf798"}
,"/home/jeanpierre/dev/GitHub/Jurisoft/src/services/document/edit.service.js": {"path":"/home/jeanpierre/dev/GitHub/Jurisoft/src/services/document/edit.service.js","statementMap":{"0":{"start":{"line":1,"column":17},"end":{"line":1,"column":55}},"1":{"start":{"line":2,"column":23},"end":{"line":2,"column":61}},"2":{"start":{"line":3,"column":34},"end":{"line":3,"column":87}},"3":{"start":{"line":7,"column":21},"end":{"line":7,"column":56}},"4":{"start":{"line":9,"column":4},"end":{"line":11,"column":5}},"5":{"start":{"line":10,"column":6},"end":{"line":10,"column":43}},"6":{"start":{"line":13,"column":26},"end":{"line":13,"column":48}},"7":{"start":{"line":15,"column":4},"end":{"line":28,"column":6}},"8":{"start":{"line":32,"column":0},"end":{"line":32,"column":29}}},"fnMap":{"0":{"name":"(anonymous_0)","decl":{"start":{"line":6,"column":2},"end":{"line":6,"column":3}},"loc":{"start":{"line":6,"column":38},"end":{"line":29,"column":3}},"line":6}},"branchMap":{"0":{"loc":{"start":{"line":9,"column":4},"end":{"line":11,"column":5}},"type":"if","locations":[{"start":{"line":9,"column":4},"end":{"line":11,"column":5}},{"start":{},"end":{}}],"line":9}},"s":{"0":1,"1":1,"2":1,"3":2,"4":2,"5":1,"6":1,"7":1,"8":1},"f":{"0":2},"b":{"0":[1,1]},"_coverageSchema":"1a1c01bbd47fc00a2c39e90264f33305004495a9","hash":"b02c3682b02d11f847f8bac99904dc78abbfb748"}
,"/home/jeanpierre/dev/GitHub/Jurisoft/src/services/document/list.service.js": {"path":"/home/jeanpierre/dev/GitHub/Jurisoft/src/services/document/list.service.js","statementMap":{"0":{"start":{"line":1,"column":17},"end":{"line":1,"column":55}},"1":{"start":{"line":5,"column":22},"end":{"line":31,"column":6}},"2":{"start":{"line":33,"column":4},"end":{"line":33,"column":21}},"3":{"start":{"line":37,"column":0},"end":{"line":37,"column":29}}},"fnMap":{"0":{"name":"(anonymous_0)","decl":{"start":{"line":4,"column":2},"end":{"line":4,"column":3}},"loc":{"start":{"line":4,"column":67},"end":{"line":34,"column":3}},"line":4}},"branchMap":{"0":{"loc":{"start":{"line":9,"column":12},"end":{"line":9,"column":68}},"type":"cond-expr","locations":[{"start":{"line":9,"column":20},"end":{"line":9,"column":63}},{"start":{"line":9,"column":66},"end":{"line":9,"column":68}}],"line":9},"1":{"loc":{"start":{"line":10,"column":12},"end":{"line":10,"column":80}},"type":"cond-expr","locations":[{"start":{"line":10,"column":19},"end":{"line":10,"column":75}},{"start":{"line":10,"column":78},"end":{"line":10,"column":80}}],"line":10},"2":{"loc":{"start":{"line":11,"column":12},"end":{"line":11,"column":92}},"type":"cond-expr","locations":[{"start":{"line":11,"column":19},"end":{"line":11,"column":87}},{"start":{"line":11,"column":90},"end":{"line":11,"column":92}}],"line":11},"3":{"loc":{"start":{"line":12,"column":12},"end":{"line":12,"column":119}},"type":"cond-expr","locations":[{"start":{"line":12,"column":35},"end":{"line":12,"column":114}},{"start":{"line":12,"column":117},"end":{"line":12,"column":119}}],"line":12},"4":{"loc":{"start":{"line":12,"column":12},"end":{"line":12,"column":32}},"type":"binary-expr","locations":[{"start":{"line":12,"column":12},"end":{"line":12,"column":21}},{"start":{"line":12,"column":25},"end":{"line":12,"column":32}}],"line":12},"5":{"loc":{"start":{"line":13,"column":12},"end":{"line":13,"column":96}},"type":"cond-expr","locations":[{"start":{"line":13,"column":27},"end":{"line":13,"column":91}},{"start":{"line":13,"column":94},"end":{"line":13,"column":96}}],"line":13}},"s":{"0":1,"1":2,"2":2,"3":1},"f":{"0":2},"b":{"0":[1,1],"1":[1,1],"2":[1,1],"3":[1,1],"4":[2,1],"5":[1,1]},"_coverageSchema":"1a1c01bbd47fc00a2c39e90264f33305004495a9","hash":"ddd2eff563f00e5b1573dbf42f345c4397e56e5f"}
,"/home/jeanpierre/dev/GitHub/Jurisoft/src/services/document/upload.service.js": {"path":"/home/jeanpierre/dev/GitHub/Jurisoft/src/services/document/upload.service.js","statementMap":{"0":{"start":{"line":1,"column":17},"end":{"line":1,"column":55}},"1":{"start":{"line":2,"column":23},"end":{"line":2,"column":61}},"2":{"start":{"line":5,"column":22},"end":{"line":5,"column":61}},"3":{"start":{"line":8,"column":4},"end":{"line":8,"column":47}},"4":{"start":{"line":12,"column":26},"end":{"line":12,"column":48}},"5":{"start":{"line":13,"column":19},"end":{"line":22,"column":6}},"6":{"start":{"line":23,"column":4},"end":{"line":23,"column":30}},"7":{"start":{"line":25,"column":4},"end":{"line":25,"column":52}},"8":{"start":{"line":27,"column":4},"end":{"line":27,"column":17}},"9":{"start":{"line":31,"column":0},"end":{"line":31,"column":31}}},"fnMap":{"0":{"name":"(anonymous_0)","decl":{"start":{"line":5,"column":39},"end":{"line":5,"column":40}},"loc":{"start":{"line":5,"column":56},"end":{"line":5,"column":59}},"line":5},"1":{"name":"(anonymous_1)","decl":{"start":{"line":7,"column":2},"end":{"line":7,"column":3}},"loc":{"start":{"line":7,"column":33},"end":{"line":9,"column":3}},"line":7},"2":{"name":"(anonymous_2)","decl":{"start":{"line":11,"column":2},"end":{"line":11,"column":3}},"loc":{"start":{"line":11,"column":33},"end":{"line":28,"column":3}},"line":11}},"branchMap":{},"s":{"0":1,"1":1,"2":1,"3":1,"4":1,"5":1,"6":1,"7":1,"8":1,"9":1},"f":{"0":0,"1":1,"2":1},"b":{},"_coverageSchema":"1a1c01bbd47fc00a2c39e90264f33305004495a9","hash":"1b184fcce1c0fa276e8238b08d517bbc7655ff5a"}
,"/home/jeanpierre/dev/GitHub/Jurisoft/src/services/user/auth-user.service.js": {"path":"/home/jeanpierre/dev/GitHub/Jurisoft/src/services/user/auth-user.service.js","statementMap":{"0":{"start":{"line":1,"column":13},"end":{"line":1,"column":47}},"1":{"start":{"line":2,"column":12},"end":{"line":2,"column":35}},"2":{"start":{"line":3,"column":15},"end":{"line":3,"column":32}},"3":{"start":{"line":4,"column":30},"end":{"line":4,"column":83}},"4":{"start":{"line":5,"column":30},"end":{"line":5,"column":81}},"5":{"start":{"line":9,"column":17},"end":{"line":9,"column":46}},"6":{"start":{"line":11,"column":4},"end":{"line":13,"column":5}},"7":{"start":{"line":12,"column":6},"end":{"line":12,"column":40}},"8":{"start":{"line":15,"column":30},"end":{"line":15,"column":75}},"9":{"start":{"line":17,"column":4},"end":{"line":19,"column":5}},"10":{"start":{"line":18,"column":6},"end":{"line":18,"column":40}},"11":{"start":{"line":21,"column":24},"end":{"line":21,"column":126}},"12":{"start":{"line":22,"column":25},"end":{"line":22,"column":128}},"13":{"start":{"line":24,"column":4},"end":{"line":24,"column":41}},"14":{"start":{"line":28,"column":0},"end":{"line":28,"column":33}}},"fnMap":{"0":{"name":"(anonymous_0)","decl":{"start":{"line":8,"column":2},"end":{"line":8,"column":3}},"loc":{"start":{"line":8,"column":37},"end":{"line":25,"column":3}},"line":8}},"branchMap":{"0":{"loc":{"start":{"line":11,"column":4},"end":{"line":13,"column":5}},"type":"if","locations":[{"start":{"line":11,"column":4},"end":{"line":13,"column":5}},{"start":{},"end":{}}],"line":11},"1":{"loc":{"start":{"line":17,"column":4},"end":{"line":19,"column":5}},"type":"if","locations":[{"start":{"line":17,"column":4},"end":{"line":19,"column":5}},{"start":{},"end":{}}],"line":17}},"s":{"0":1,"1":1,"2":1,"3":1,"4":1,"5":3,"6":3,"7":1,"8":2,"9":2,"10":1,"11":1,"12":1,"13":1,"14":1},"f":{"0":3},"b":{"0":[1,2],"1":[1,1]},"_coverageSchema":"1a1c01bbd47fc00a2c39e90264f33305004495a9","hash":"856cb49695c11f153b2905a8ab358ce15d7fc7fc"}
,"/home/jeanpierre/dev/GitHub/Jurisoft/src/services/user/create-user.service.js": {"path":"/home/jeanpierre/dev/GitHub/Jurisoft/src/services/user/create-user.service.js","statementMap":{"0":{"start":{"line":1,"column":13},"end":{"line":1,"column":47}},"1":{"start":{"line":2,"column":35},"end":{"line":2,"column":93}},"2":{"start":{"line":6,"column":23},"end":{"line":6,"column":52}},"3":{"start":{"line":8,"column":4},"end":{"line":10,"column":5}},"4":{"start":{"line":9,"column":6},"end":{"line":9,"column":45}},"5":{"start":{"line":12,"column":17},"end":{"line":16,"column":6}},"6":{"start":{"line":18,"column":4},"end":{"line":18,"column":22}},"7":{"start":{"line":22,"column":0},"end":{"line":22,"column":35}}},"fnMap":{"0":{"name":"(anonymous_0)","decl":{"start":{"line":5,"column":2},"end":{"line":5,"column":3}},"loc":{"start":{"line":5,"column":43},"end":{"line":19,"column":3}},"line":5}},"branchMap":{"0":{"loc":{"start":{"line":8,"column":4},"end":{"line":10,"column":5}},"type":"if","locations":[{"start":{"line":8,"column":4},"end":{"line":10,"column":5}},{"start":{},"end":{}}],"line":8}},"s":{"0":1,"1":1,"2":2,"3":2,"4":1,"5":1,"6":1,"7":1},"f":{"0":2},"b":{"0":[1,1]},"_coverageSchema":"1a1c01bbd47fc00a2c39e90264f33305004495a9","hash":"590c8d3a5ce042640fccbcc001a1bf08f2c35656"}
}
